<?xml version="1.0" encoding="UTF-8"?>
<!-- Generated by org.testng.reporters.JUnitReportReporter -->
<testsuite skipped="0" hostname="DESKTOP-HUI2FL5" name="firstTest" tests="3" failures="0" timestamp="21 Jun 2018 05:48:21 GMT" time="0.682" errors="0">
  <testcase name="ConfirmCanRelist" time="0.397" classname="firstTest"/>
  <testcase name="getCategoryPromotions" time="0.274" classname="firstTest"/>
  <testcase name="ConfirmCategoryName" time="0.011" classname="firstTest"/>
</testsuite> <!-- firstTest -->
